<?xml version="1.0" encoding="UTF-8"?>
<!-- Generated by org.testng.reporters.JUnitXMLReporter -->
<testsuite hostname="LAPTOP-29E7URT6" ignored="0" name="Default test" tests="1" failures="0" timestamp="01 Nov 2021 05:06:57 GMT" time="0.087" errors="0">
  <testcase name="@BeforeMethod getBrowser" time="0.0" classname="testpckg.CreateAnAccountToMyStore">
    <failure type="java.io.FileNotFoundException" message="D:\BYMAT-Learn_Automation\WorkSpace\WorkSpace_Photon\SeleniumTraining_B11_MVN\src\test\resources\files\config_properties (The system cannot find the file specified)">
      <![CDATA[java.io.FileNotFoundException: D:\BYMAT-Learn_Automation\WorkSpace\WorkSpace_Photon\SeleniumTraining_B11_MVN\src\test\resources\files\config_properties (The system cannot find the file specified)
	at java.io.FileInputStream.open0(Native Method)
	at java.io.FileInputStream.open(Unknown Source)
	at java.io.FileInputStream.<init>(Unknown Source)
	at java.io.FileInputStream.<init>(Unknown Source)
	at testpckg.CreateAnAccountToMyStore.getBrowser(CreateAnAccountToMyStore.java:39)
	at sun.reflect.NativeMethodAccessorImpl.invoke0(Native Method)
	at sun.reflect.NativeMethodAccessorImpl.invoke(Unknown Source)
	at sun.reflect.DelegatingMethodAccessorImpl.invoke(Unknown Source)
	at java.lang.reflect.Method.invoke(Unknown Source)
	at org.testng.internal.MethodInvocationHelper.invokeMethod(MethodInvocationHelper.java:104)
	at org.testng.internal.Invoker.invokeConfigurationMethod(Invoker.java:515)
	at org.testng.internal.Invoker.invokeConfigurations(Invoker.java:217)
	at org.testng.internal.Invoker.invokeMethod(Invoker.java:590)
	at org.testng.internal.Invoker.invokeTestMethod(Invoker.java:851)
	at org.testng.internal.Invoker.invokeTestMethods(Invoker.java:1177)
	at org.testng.internal.TestMethodWorker.invokeTestMethods(TestMethodWorker.java:129)
	at org.testng.internal.TestMethodWorker.run(TestMethodWorker.java:112)
	at org.testng.TestRunner.privateRun(TestRunner.java:756)
	at org.testng.TestRunner.run(TestRunner.java:610)
	at org.testng.SuiteRunner.runTest(SuiteRunner.java:387)
	at org.testng.SuiteRunner.runSequentially(SuiteRunner.java:382)
	at org.testng.SuiteRunner.privateRun(SuiteRunner.java:340)
	at org.testng.SuiteRunner.run(SuiteRunner.java:289)
	at org.testng.SuiteRunnerWorker.runSuite(SuiteRunnerWorker.java:52)
	at org.testng.SuiteRunnerWorker.run(SuiteRunnerWorker.java:86)
	at org.testng.TestNG.runSuitesSequentially(TestNG.java:1293)
	at org.testng.TestNG.runSuitesLocally(TestNG.java:1218)
	at org.testng.TestNG.runSuites(TestNG.java:1133)
	at org.testng.TestNG.run(TestNG.java:1104)
	at org.testng.remote.AbstractRemoteTestNG.run(AbstractRemoteTestNG.java:115)
	at org.testng.remote.RemoteTestNG.initAndRun(RemoteTestNG.java:251)
	at org.testng.remote.RemoteTestNG.main(RemoteTestNG.java:77)
]]>
    </failure>
  </testcase> <!-- @BeforeMethod getBrowser -->
  <testcase name="@AfterMethod closeBrowser" time="0.0" classname="testpckg.CreateAnAccountToMyStore">
    <skipped/>
  </testcase> <!-- @AfterMethod closeBrowser -->
  <testcase name="createAnAccountToMyStore" time="0.003" classname="testpckg.CreateAnAccountToMyStore">
    <skipped/>
  </testcase> <!-- createAnAccountToMyStore -->
</testsuite> <!-- Default test -->
