<?xml version="1.0" encoding="UTF-8"?>
<testsuite name="TestSuite" time="28.164" tests="10" errors="0" skipped="8" failures="1">
  <properties>
    <property name="java.runtime.name" value="Java(TM) SE Runtime Environment"/>
    <property name="sun.boot.library.path" value="C:\Program Files\Java\jre1.8.0_291\bin"/>
    <property name="java.vm.version" value="25.291-b10"/>
    <property name="java.vm.vendor" value="Oracle Corporation"/>
    <property name="maven.multiModuleProjectDirectory" value="D:\BYMAT-Learn_Automation\WorkSpace\WorkSpace_Photon\SeleniumTraining_B11_MVN"/>
    <property name="java.vendor.url" value="http://java.oracle.com/"/>
    <property name="path.separator" value=";"/>
    <property name="guice.disable.misplaced.annotation.check" value="true"/>
    <property name="java.vm.name" value="Java HotSpot(TM) 64-Bit Server VM"/>
    <property name="file.encoding.pkg" value="sun.io"/>
    <property name="user.script" value=""/>
    <property name="user.country" value="IN"/>
    <property name="sun.java.launcher" value="SUN_STANDARD"/>
    <property name="sun.os.patch.level" value=""/>
    <property name="java.vm.specification.name" value="Java Virtual Machine Specification"/>
    <property name="user.dir" value="D:\BYMAT-Learn_Automation\WorkSpace\WorkSpace_Photon\SeleniumTraining_B11_MVN"/>
    <property name="java.runtime.version" value="1.8.0_291-b10"/>
    <property name="java.awt.graphicsenv" value="sun.awt.Win32GraphicsEnvironment"/>
    <property name="java.endorsed.dirs" value="C:\Program Files\Java\jre1.8.0_291\lib\endorsed"/>
    <property name="os.arch" value="amd64"/>
    <property name="java.io.tmpdir" value="C:\Users\rahul\AppData\Local\Temp\"/>
    <property name="line.separator" value="&#10;"/>
    <property name="java.vm.specification.vendor" value="Oracle Corporation"/>
    <property name="user.variant" value=""/>
    <property name="os.name" value="Windows 10"/>
    <property name="classworlds.conf" value="D:\BYMAT-Learn_Automation\WorkSpace\WorkSpace_Photon\.metadata\.plugins\org.eclipse.m2e.launching\launches\m2conf3487250213231635219.tmp"/>
    <property name="sun.jnu.encoding" value="UTF-8"/>
    <property name="java.library.path" value="C:\Program Files\Java\jre1.8.0_291\bin;C:\windows\Sun\Java\bin;C:\windows\system32;C:\windows;C:/Program Files/Java/jre1.8.0_291/bin/server;C:/Program Files/Java/jre1.8.0_291/bin;C:/Program Files/Java/jre1.8.0_291/lib/amd64;C:\Program Files (x86)\Common Files\Oracle\Java\javapath;C:\windows\system32;C:\windows;C:\windows\System32\Wbem;C:\windows\System32\WindowsPowerShell\v1.0\;C:\windows\System32\OpenSSH\;C:\Program Files\Java\jdk1.8.0_291\bin;D:\BYMAT-Learn_Automation\Softwares\apache-maven-3.8.1\bin;C:\Users\rahul\AppData\Local\Microsoft\WindowsApps;C:\Users\rahul\AppData\Local\atom\bin;D:\BYMAT-Learn_Automation\Softwares\eclipse-jee-photon-R-win32-x86_64\eclipse;;."/>
    <property name="java.specification.name" value="Java Platform API Specification"/>
    <property name="java.class.version" value="52.0"/>
    <property name="sun.management.compiler" value="HotSpot 64-Bit Tiered Compilers"/>
    <property name="os.version" value="10.0"/>
    <property name="user.home" value="C:\Users\rahul"/>
    <property name="user.timezone" value="Asia/Calcutta"/>
    <property name="java.awt.printerjob" value="sun.awt.windows.WPrinterJob"/>
    <property name="java.specification.version" value="1.8"/>
    <property name="file.encoding" value="UTF-8"/>
    <property name="user.name" value="rahul"/>
    <property name="java.class.path" value="D:\BYMAT-Learn_Automation\Softwares\eclipse-jee-photon-R-win32-x86_64\eclipse\plugins\org.eclipse.m2e.maven.runtime_1.9.0.20180606-2035\jars\plexus-classworlds-2.5.2.jar"/>
    <property name="java.vm.specification.version" value="1.8"/>
    <property name="sun.arch.data.model" value="64"/>
    <property name="java.home" value="C:\Program Files\Java\jre1.8.0_291"/>
    <property name="sun.java.command" value="org.codehaus.plexus.classworlds.launcher.Launcher -B test"/>
    <property name="java.specification.vendor" value="Oracle Corporation"/>
    <property name="user.language" value="en"/>
    <property name="awt.toolkit" value="sun.awt.windows.WToolkit"/>
    <property name="java.vm.info" value="mixed mode"/>
    <property name="java.version" value="1.8.0_291"/>
    <property name="java.ext.dirs" value="C:\Program Files\Java\jre1.8.0_291\lib\ext;C:\windows\Sun\Java\lib\ext"/>
    <property name="sun.boot.class.path" value="C:\Program Files\Java\jre1.8.0_291\lib\resources.jar;C:\Program Files\Java\jre1.8.0_291\lib\rt.jar;C:\Program Files\Java\jre1.8.0_291\lib\sunrsasign.jar;C:\Program Files\Java\jre1.8.0_291\lib\jsse.jar;C:\Program Files\Java\jre1.8.0_291\lib\jce.jar;C:\Program Files\Java\jre1.8.0_291\lib\charsets.jar;C:\Program Files\Java\jre1.8.0_291\lib\jfr.jar;C:\Program Files\Java\jre1.8.0_291\classes"/>
    <property name="java.vendor" value="Oracle Corporation"/>
    <property name="maven.home" value="D:\BYMAT-Learn_Automation\WorkSpace\WorkSpace_Photon\SeleniumTraining_B11_MVN\EMBEDDED"/>
    <property name="file.separator" value="\"/>
    <property name="java.vendor.url.bug" value="http://bugreport.sun.com/bugreport/"/>
    <property name="sun.cpu.endian" value="little"/>
    <property name="sun.io.unicode.encoding" value="UnicodeLittle"/>
    <property name="sun.desktop" value="windows"/>
    <property name="sun.cpu.isalist" value="amd64"/>
  </properties>
  <testcase name="loginWithRegisteredUser" classname="testCases.LoginWithRegisteredUser" time="26.992"/>
  <testcase name="loginWithRegisteredUser2" classname="testCases.LoginWithRegisteredUser2" time="1.172">
    <failure message="expected [My Store] but found [508 Resource Limit Is Reached]" type="java.lang.AssertionError">java.lang.AssertionError: expected [My Store] but found [508 Resource Limit Is Reached]
	at org.testng.Assert.fail(Assert.java:96)
	at org.testng.Assert.failNotEquals(Assert.java:776)
	at org.testng.Assert.assertEqualsImpl(Assert.java:137)
	at org.testng.Assert.assertEquals(Assert.java:118)
	at org.testng.Assert.assertEquals(Assert.java:453)
	at org.testng.Assert.assertEquals(Assert.java:463)
	at utility.CommonMethods.verifyPageTitle(CommonMethods.java:42)
	at pages.AuthenticationPage.loginWithAlreadyRegistredUser(AuthenticationPage.java:24)
	at testCases.LoginWithRegisteredUser2.loginWithRegisteredUser2(LoginWithRegisteredUser2.java:38)
</failure>
    <system-out><![CDATA[testCaseName is :-LoginWithRegisteredUser2
Executing Test Case:- LoginWithRegisteredUser2
LoginWithRegisteredUser2 test case starts from row number :- 13
Total number of columns are:- 8
Total number of iterations/rows are :- 1
***************************************************

----{Page_Title=My Store, Contact_No=678568624, Email_ID=testSagar@gmail.com, Password=passd1238, Sr.No=1.0, City=Pune, First_Name=Sagar, Last_Name=XYZ2}
User Navigated to Application_URL
Driver is closed
]]></system-out>
    <system-err><![CDATA[Starting ChromeDriver 94.0.4606.61 (418b78f5838ed0b1c69bb4e51ea0252171854915-refs/branch-heads/4606@{#1204}) on port 13215
Only local connections are allowed.
Please see https://chromedriver.chromium.org/security-considerations for suggestions on keeping ChromeDriver safe.
ChromeDriver was started successfully.
[1637208455.995][WARNING]: This version of ChromeDriver has not been tested with Chrome version 95.
Nov 18, 2021 9:37:36 AM org.openqa.selenium.remote.ProtocolHandshake createSession
INFO: Detected dialect: W3C
]]></system-err>
  </testcase>
  <testcase name="isSkip" classname="testCases.CreateAnAccountToMyStore2" time="0">
    <skipped/>
    <system-out><![CDATA[testCaseName is :-CreateAnAccountToMyStore2
]]></system-out>
  </testcase>
  <testcase name="createAnAccountToMyStore2" classname="testCases.CreateAnAccountToMyStore2" time="0">
    <skipped/>
    <system-out><![CDATA[CreateAnAccountToMyStore2 test case starts from row number :- 5
Total number of columns are:- 8
Total number of iterations/rows are :- 1
***************************************************

----{Page_Title=My Store, Contact_No=456464646, Email_ID=testArijit@gmail.com, Password=passd1236, Sr.No=1, City=Kolkata, First_Name=Arijit, Last_Name=XYZ}
]]></system-out>
  </testcase>
  <testcase name="isSkip" classname="testCases.CreateAnAccountToMyStore3" time="0">
    <skipped/>
    <system-out><![CDATA[testCaseName is :-CreateAnAccountToMyStore3
]]></system-out>
  </testcase>
  <testcase name="createAnAccountToMyStore3" classname="testCases.CreateAnAccountToMyStore3" time="0">
    <skipped/>
    <system-out><![CDATA[CreateAnAccountToMyStore3 test case starts from row number :- 17
Total number of columns are:- 8
Total number of iterations/rows are :- 1
***************************************************

----{Page_Title=My Store, Contact_No=678568624, Email_ID=testAnkita@gmail.com, Password=passd1238, Sr.No=1.0, City=Pune, First_Name=Ankita, Last_Name=XYZ2}
]]></system-out>
  </testcase>
  <testcase name="isSkip" classname="testCases.CreateAnAccountToMyStore4" time="0">
    <skipped/>
    <system-out><![CDATA[testCaseName is :-CreateAnAccountToMyStore4
]]></system-out>
  </testcase>
  <testcase name="createAnAccountToMyStore4" classname="testCases.CreateAnAccountToMyStore4" time="0">
    <skipped/>
    <system-out><![CDATA[CreateAnAccountToMyStore4 test case starts from row number :- 22
Total number of columns are:- 8
Total number of iterations/rows are :- 1
***************************************************

----{Page_Title=My Store, Contact_No=1234567, Email_ID=testRahul354345643@gmail.com, Password=passd1234, Sr.No=1, City=Pune, First_Name=Rahul Ganjare, Last_Name=sdfsdf}
]]></system-out>
  </testcase>
  <testcase name="isSkip" classname="testCases.EndToEndTestCase" time="0">
    <skipped/>
    <system-out><![CDATA[testCaseName is :-EndToEndTestCase
]]></system-out>
  </testcase>
  <testcase name="endToEndTestCase" classname="testCases.EndToEndTestCase" time="0">
    <skipped/>
    <system-out><![CDATA[EndToEndTestCase test case starts from row number :- 26
Total number of columns are:- 8
Total number of iterations/rows are :- 1
***************************************************

----{Page_Title=My Store, Contact_No=1234567, Email_ID=testRahul354345643@gmail.com, Password=passd1234, Sr.No=1, City=Pune, First_Name=EndToEnd, Last_Name=Test Case}
]]></system-out>
  </testcase>
</testsuite>