<!DOCTYPE html PUBLIC "-//W3C//DTD XHTML 1.1//EN" "http://www.w3.org/TR/xhtml11/DTD/xhtml11.dtd">
<html xmlns="http://www.w3.org/1999/xhtml"><head><title>TestNG Report</title><style type="text/css">table {margin-bottom:10px;border-collapse:collapse;empty-cells:show}th,td {border:1px solid #009;padding:.25em .5em}th {vertical-align:bottom}td {vertical-align:top}table a {font-weight:bold}.stripe td {background-color: #E6EBF9}.num {text-align:right}.passedodd td {background-color: #3F3}.passedeven td {background-color: #0A0}.skippedodd td {background-color: #DDD}.skippedeven td {background-color: #CCC}.failedodd td,.attn {background-color: #F33}.failedeven td,.stripe .attn {background-color: #D00}.stacktrace {white-space:pre;font-family:monospace}.totop {font-size:85%;text-align:center;border-bottom:2px solid #000}</style></head><body><table><tr><th>Test</th><th># Passed</th><th># Skipped</th><th># Failed</th><th>Time (ms)</th><th>Included Groups</th><th>Excluded Groups</th></tr><tr><th colspan="7">Regression Suite</th></tr><tr><td><a href="#t0">Fund Transfer</a></td><td class="num">0</td><td class="num attn">2</td><td class="num attn">3</td><td class="num">58,052</td><td></td><td></td></tr></table><table><thead><tr><th>Class</th><th>Method</th><th>Start</th><th>Time (ms)</th></tr></thead><tbody><tr><th colspan="4">Regression Suite</th></tr></tbody><tbody id="t0"><tr><th colspan="4">Fund Transfer &#8212; failed</th></tr><tr class="failedeven"><td rowspan="1">testCases.CreateAnAccountToMyStore4</td><td><a href="#m0">createAnAccountToMyStore4</a></td><td rowspan="1">1636516673296</td><td rowspan="1">44919</td></tr><tr class="failedodd"><td rowspan="1">testCases.LoginWithRegisteredUser</td><td><a href="#m1">loginWithRegisteredUser</a></td><td rowspan="1">1636516661403</td><td rowspan="1">5474</td></tr><tr class="failedeven"><td rowspan="1">testCases.LoginWithRegisteredUser2</td><td><a href="#m2">loginWithRegisteredUser2</a></td><td rowspan="1">1636516668249</td><td rowspan="1">3733</td></tr><tr><th colspan="4">Fund Transfer &#8212; skipped (configuration methods)</th></tr><tr class="skippedeven"><td rowspan="1">testCases.CreateAnAccountToMyStore2</td><td><a href="#m3">isSkip</a></td><td rowspan="1">1636516673261</td><td rowspan="1">0</td></tr><tr class="skippedodd"><td rowspan="1">testCases.CreateAnAccountToMyStore3</td><td><a href="#m4">isSkip</a></td><td rowspan="1">1636516673276</td><td rowspan="1">0</td></tr><tr><th colspan="4">Fund Transfer &#8212; skipped</th></tr><tr class="skippedeven"><td rowspan="1">testCases.CreateAnAccountToMyStore2</td><td><a href="#m5">createAnAccountToMyStore2</a></td><td rowspan="1">1636516673270</td><td rowspan="1">3</td></tr><tr class="skippedodd"><td rowspan="1">testCases.CreateAnAccountToMyStore3</td><td><a href="#m6">createAnAccountToMyStore3</a></td><td rowspan="1">1636516673284</td><td rowspan="1">2</td></tr></tbody></table><h2>Fund Transfer</h2><h3 id="m0">testCases.CreateAnAccountToMyStore4#createAnAccountToMyStore4</h3><table class="result"><tr class="param"><th>Parameter #1</th></tr><tr class="param stripe"><td>{Page_Title=My Store, Contact_No=1234567, Email_ID=testRahul354345643@gmail.com, Password=passd1234, Sr.No=1, City=Pune, First_Name=Rahul Ganjare, Last_Name=sdfsdf}</td></tr><tr><th>Exception</th></tr><tr><td><div class="stacktrace">org.openqa.selenium.NoSuchElementException: no such element: Unable to locate element: {&quot;method&quot;:&quot;xpath&quot;,&quot;selector&quot;:&quot;//*[@id=&quot;id_gender1&quot;]&quot;}
  (Session info: chrome=95.0.4638.69)
For documentation on this error, please visit: https://www.seleniumhq.org/exceptions/no_such_element.html
Build info: version: &apos;3.141.59&apos;, revision: &apos;e82be7d358&apos;, time: &apos;2018-11-14T08:17:03&apos;
System info: host: &apos;LAPTOP-29E7URT6&apos;, ip: &apos;192.168.1.101&apos;, os.name: &apos;Windows 10&apos;, os.arch: &apos;amd64&apos;, os.version: &apos;10.0&apos;, java.version: &apos;1.8.0_291&apos;
Driver info: org.openqa.selenium.chrome.ChromeDriver
Capabilities {acceptInsecureCerts: false, browserName: chrome, browserVersion: 95.0.4638.69, chrome: {chromedriverVersion: 94.0.4606.61 (418b78f5838ed..., userDataDir: C:\Users\rahul\AppData\Loca...}, goog:chromeOptions: {debuggerAddress: localhost:61074}, javascriptEnabled: true, networkConnectionEnabled: false, pageLoadStrategy: normal, platform: WINDOWS, platformName: WINDOWS, proxy: Proxy(), setWindowRect: true, strictFileInteractability: false, timeouts: {implicit: 0, pageLoad: 300000, script: 30000}, unhandledPromptBehavior: dismiss and notify, webauthn:extension:credBlob: true, webauthn:extension:largeBlob: true, webauthn:virtualAuthenticators: true}
Session ID: 699728336aa520a47871ec4e0ee25c1b
*** Element info: {Using=xpath, value=//*[@id=&quot;id_gender1&quot;]}
	at org.openqa.selenium.remote.http.W3CHttpResponseCodec.createException(W3CHttpResponseCodec.java:187)
	at org.openqa.selenium.remote.http.W3CHttpResponseCodec.decode(W3CHttpResponseCodec.java:122)
	at org.openqa.selenium.remote.http.W3CHttpResponseCodec.decode(W3CHttpResponseCodec.java:49)
	at org.openqa.selenium.remote.HttpCommandExecutor.execute(HttpCommandExecutor.java:158)
	at org.openqa.selenium.remote.service.DriverCommandExecutor.execute(DriverCommandExecutor.java:83)
	at org.openqa.selenium.remote.RemoteWebDriver.execute(RemoteWebDriver.java:552)
	at org.openqa.selenium.remote.RemoteWebDriver.findElement(RemoteWebDriver.java:323)
	at org.openqa.selenium.remote.RemoteWebDriver.findElementByXPath(RemoteWebDriver.java:428)
	at org.openqa.selenium.By$ByXPath.findElement(By.java:353)
	at org.openqa.selenium.remote.RemoteWebDriver.findElement(RemoteWebDriver.java:315)
	at utility.CommonMethods.ClickOnButton(CommonMethods.java:16)
	at pages.PersonalInfoPage.enterPersonalInformation(PersonalInfoPage.java:13)
	at testCases.CreateAnAccountToMyStore4.createAnAccountToMyStore4(CreateAnAccountToMyStore4.java:51)
... Removed 29 stack frames</div></td></tr></table><p class="totop"><a href="#summary">back to summary</a></p><h3 id="m1">testCases.LoginWithRegisteredUser#loginWithRegisteredUser</h3><table class="result"><tr class="param"><th>Parameter #1</th></tr><tr class="param stripe"><td>{Page_Title=My Store, Contact_No=533535353, Email_ID=testShyama@gmail.com, Password=passd1237, Sr.No=1.0, City=Mumbai, First_Name=Shyama, Last_Name=XYZ1}</td></tr><tr><th>Exception</th></tr><tr><td><div class="stacktrace">java.lang.AssertionError: expected [My Store] but found [508 Resource Limit Is Reached]
	at utility.CommonMethods.verifyPageTitle(CommonMethods.java:42)
	at testCases.LoginWithRegisteredUser.loginWithRegisteredUser(LoginWithRegisteredUser.java:30)
... Removed 31 stack frames</div></td></tr></table><p class="totop"><a href="#summary">back to summary</a></p><h3 id="m2">testCases.LoginWithRegisteredUser2#loginWithRegisteredUser2</h3><table class="result"><tr class="param"><th>Parameter #1</th></tr><tr class="param stripe"><td>{Page_Title=My Store, Contact_No=678568624, Email_ID=testSagar@gmail.com, Password=passd1238, Sr.No=1.0, City=Pune, First_Name=Sagar, Last_Name=XYZ2}</td></tr><tr><th>Exception</th></tr><tr><td><div class="stacktrace">java.lang.AssertionError: expected [My Store] but found [508 Resource Limit Is Reached]
	at utility.CommonMethods.verifyPageTitle(CommonMethods.java:42)
	at pages.AuthenticationPage.loginWithAlreadyRegistredUser(AuthenticationPage.java:24)
	at testCases.LoginWithRegisteredUser2.loginWithRegisteredUser2(LoginWithRegisteredUser2.java:39)
... Removed 31 stack frames</div></td></tr></table><p class="totop"><a href="#summary">back to summary</a></p><h3 id="m3">testCases.CreateAnAccountToMyStore2#isSkip</h3><table class="result"><tr><th>Exception</th></tr><tr><td><div class="stacktrace">org.testng.SkipException: Skipping Test case CreateAnAccountToMyStore2 as it&apos;s run mode is set to No
	at testCases.CreateAnAccountToMyStore2.isSkip(CreateAnAccountToMyStore2.java:24)
... Removed 25 stack frames</div></td></tr></table><p class="totop"><a href="#summary">back to summary</a></p><h3 id="m4">testCases.CreateAnAccountToMyStore3#isSkip</h3><table class="result"><tr><th>Exception</th></tr><tr><td><div class="stacktrace">org.testng.SkipException: Skipping Test case CreateAnAccountToMyStore3 as it&apos;s run mode is set to No
	at testCases.CreateAnAccountToMyStore3.isSkip(CreateAnAccountToMyStore3.java:24)
... Removed 25 stack frames</div></td></tr></table><p class="totop"><a href="#summary">back to summary</a></p><h3 id="m5">testCases.CreateAnAccountToMyStore2#createAnAccountToMyStore2</h3><table class="result"><tr class="param"><th>Parameter #1</th></tr><tr class="param stripe"><td>{Page_Title=My Store, Contact_No=456464646, Email_ID=testArijit@gmail.com, Password=passd1236, Sr.No=1, City=Kolkata, First_Name=Arijit, Last_Name=XYZ}</td></tr><tr><th>Exception</th></tr><tr><td><div class="stacktrace">org.testng.SkipException: Skipping Test case CreateAnAccountToMyStore2 as it&apos;s run mode is set to No
	at testCases.CreateAnAccountToMyStore2.isSkip(CreateAnAccountToMyStore2.java:24)
... Removed 25 stack frames</div></td></tr></table><p class="totop"><a href="#summary">back to summary</a></p><h3 id="m6">testCases.CreateAnAccountToMyStore3#createAnAccountToMyStore3</h3><table class="result"><tr class="param"><th>Parameter #1</th></tr><tr class="param stripe"><td>{Page_Title=My Store, Contact_No=678568624, Email_ID=testAnkita@gmail.com, Password=passd1238, Sr.No=1.0, City=Pune, First_Name=Ankita, Last_Name=XYZ2}</td></tr><tr><th>Exception</th></tr><tr><td><div class="stacktrace">org.testng.SkipException: Skipping Test case CreateAnAccountToMyStore3 as it&apos;s run mode is set to No
	at testCases.CreateAnAccountToMyStore3.isSkip(CreateAnAccountToMyStore3.java:24)
... Removed 25 stack frames</div></td></tr></table><p class="totop"><a href="#summary">back to summary</a></p></body></html>